<?xml version="1.0" encoding="UTF-8"?>
<!-- Generated by org.testng.reporters.JUnitXMLReporter -->
<testsuite hostname="ip-172-31-95-52" ignored="0" name="Default test" tests="10" failures="0" timestamp="2022-03-12T18:00:23 UTC" time="16.017" errors="0">
  <testcase name="launchChromeTest" time="3.397" classname="com.simplilearn.webapptest.group.BrowserBasedGroupTest"/>
  <testcase name="launchFireFoxTest" time="5.553" classname="com.simplilearn.webapptest.group.BrowserBasedGroupTest"/>
  <testcase name="testFaceBookHomePage" time="0.02" classname="com.simplilearn.webapptest.group.BrowserBasedGroupTest"/>
  <testcase name="testHomePageTitle" time="0.033" classname="com.simplilearn.webapptest.group.BrowserBasedGroupTest"/>
  <testcase name="testFieldsLogin" time="0.22" classname="com.simplilearn.webapptest.group.BrowserBasedGroupTest"/>
  <testcase name="testHomePageSourceUrl" time="0.015" classname="com.simplilearn.webapptest.group.BrowserBasedGroupTest"/>
  <testcase name="testFailureLogin" time="0.227" classname="com.simplilearn.webapptest.group.BrowserBasedGroupTest"/>
  <testcase name="closeFireFox" time="4.555" classname="com.simplilearn.webapptest.group.BrowserBasedGroupTest"/>
  <testcase name="testSearchBar" time="1.806" classname="com.simplilearn.webapptest.group.BrowserBasedGroupTest"/>
  <testcase name="closeChrome" time="0.116" classname="com.simplilearn.webapptest.group.BrowserBasedGroupTest"/>
</testsuite> <!-- Default test -->
