<?xml version="1.0" encoding="UTF-8"?>
<!-- Generated by org.testng.reporters.JUnitXMLReporter -->
<testsuite hostname="ip-172-31-95-52" ignored="0" name="Amazon Tests" tests="6" failures="0" timestamp="2022-03-12T18:02:25 UTC" time="35.993" errors="0">
  <testcase name="testHomePageSourceUrl" time="0.525" classname="com.simplilearn.webapptest.amazon.AmazonHomepageTest"/>
  <testcase name="testHomePageTitle" time="0.577" classname="com.simplilearn.webapptest.amazon.AmazonHomepageTest"/>
  <testcase name="testSearchBar" time="2.803" classname="com.simplilearn.webapptest.amazon.AmazonHomepageTest"/>
  <testcase name="testBestSellerNavLink" time="5.329" classname="com.simplilearn.webapptest.amazon.AmazonNavigationLinkTest"/>
  <testcase name="testElectronicsNavLink" time="5.335" classname="com.simplilearn.webapptest.amazon.AmazonNavigationLinkTest"/>
  <testcase name="testMobileNavLink" time="5.079" classname="com.simplilearn.webapptest.amazon.AmazonNavigationLinkTest"/>
</testsuite> <!-- Amazon Tests -->
