<?xml version="1.0" encoding="UTF-8"?>
<!-- Generated by org.testng.reporters.JUnitXMLReporter -->
<testsuite hostname="ip-172-31-95-52" ignored="0" name="Anonnation Tests" tests="3" failures="0" timestamp="2022-03-12T18:02:25 UTC" time="0.021" errors="0">
  <testcase name="testOne" time="0.001" classname="com.simplilearn.webapptest.TestNGStandardAnnotationTest"/>
  <testcase name="testThree" time="0.003" classname="com.simplilearn.webapptest.TestNGStandardAnnotationTest"/>
  <testcase name="testTwo" time="0.001" classname="com.simplilearn.webapptest.TestNGStandardAnnotationTest"/>
</testsuite> <!-- Anonnation Tests -->
