<?xml version="1.0" encoding="UTF-8"?>
<!-- Generated by org.testng.reporters.JUnitXMLReporter -->
<testsuite hostname="ip-172-31-95-52" ignored="0" name="Group Tests" tests="10" failures="0" timestamp="2022-03-12T18:02:38 UTC" time="13.309" errors="0">
  <testcase name="launchChromeTest" time="2.293" classname="com.simplilearn.webapptest.group.BrowserBasedGroupTest"/>
  <testcase name="launchFireFoxTest" time="5.248" classname="com.simplilearn.webapptest.group.BrowserBasedGroupTest"/>
  <testcase name="testFaceBookHomePage" time="0.047" classname="com.simplilearn.webapptest.group.BrowserBasedGroupTest"/>
  <testcase name="testHomePageTitle" time="0.028" classname="com.simplilearn.webapptest.group.BrowserBasedGroupTest"/>
  <testcase name="testFieldsLogin" time="0.186" classname="com.simplilearn.webapptest.group.BrowserBasedGroupTest"/>
  <testcase name="testHomePageSourceUrl" time="0.02" classname="com.simplilearn.webapptest.group.BrowserBasedGroupTest"/>
  <testcase name="testFailureLogin" time="0.175" classname="com.simplilearn.webapptest.group.BrowserBasedGroupTest"/>
  <testcase name="closeFireFox" time="2.658" classname="com.simplilearn.webapptest.group.BrowserBasedGroupTest"/>
  <testcase name="testSearchBar" time="2.445" classname="com.simplilearn.webapptest.group.BrowserBasedGroupTest"/>
  <testcase name="closeChrome" time="0.17" classname="com.simplilearn.webapptest.group.BrowserBasedGroupTest"/>
</testsuite> <!-- Group Tests -->
