<?xml version="1.0" encoding="UTF-8"?>
<testsuite name="TestSuite" time="27.838" tests="21" errors="0" skipped="0" failures="0">
  <properties>
[...]
</properties>
  <testcase name="testOne" classname="com.simplilearn.webapptest.TestNGStandardAnnotationTest" time="0.002"/>
  <testcase name="testThree" classname="com.simplilearn.webapptest.TestNGStandardAnnotationTest" time="0.001"/>
  <testcase name="testTwo" classname="com.simplilearn.webapptest.TestNGStandardAnnotationTest" time="0.004"/>
  <testcase name="hardAssetionTest" classname="com.simplilearn.webapptest.TestNgAssertionDemo" time="0"/>
  <testcase name="softAssertTest" classname="com.simplilearn.webapptest.TestNgAssertionDemo" time="0.002"/>
  <testcase name="launchChromeTest" classname="com.simplilearn.webapptest.group.BrowserBasedGroupTest" time="3.692"/>
  <testcase name="testHomePageSourceUrl" classname="com.simplilearn.webapptest.amazon.AmazonHomepageTest" time="0.873"/>
  <testcase name="testHomePageTitle" classname="com.simplilearn.webapptest.amazon.AmazonHomepageTest" time="0.765"/>
  <testcase name="launchFireFoxTest" classname="com.simplilearn.webapptest.group.BrowserBasedGroupTest" time="2.636"/>
  <testcase name="testFaceBookHomePage" classname="com.simplilearn.webapptest.group.BrowserBasedGroupTest" time="0.009"/>
  <testcase name="testHomePageTitle" classname="com.simplilearn.webapptest.group.BrowserBasedGroupTest" time="0.037"/>
  <testcase name="testFieldsLogin" classname="com.simplilearn.webapptest.group.BrowserBasedGroupTest" time="0.274"/>
  <testcase name="testHomePageSourceUrl" classname="com.simplilearn.webapptest.group.BrowserBasedGroupTest" time="0.01"/>
  <testcase name="testFailureLogin" classname="com.simplilearn.webapptest.group.BrowserBasedGroupTest" time="0.202"/>
  <testcase name="closeFireFox" classname="com.simplilearn.webapptest.group.BrowserBasedGroupTest" time="0.367"/>
  <testcase name="testSearchBar" classname="com.simplilearn.webapptest.group.BrowserBasedGroupTest" time="3.16"/>
  <testcase name="closeChrome" classname="com.simplilearn.webapptest.group.BrowserBasedGroupTest" time="0.125"/>
  <testcase name="testSearchBar" classname="com.simplilearn.webapptest.amazon.AmazonHomepageTest" time="0.505"/>
  <testcase name="testBestSellerNavLink" classname="com.simplilearn.webapptest.amazon.AmazonNavigationLinkTest" time="5.192"/>
  <testcase name="testElectronicsNavLink" classname="com.simplilearn.webapptest.amazon.AmazonNavigationLinkTest" time="4.836"/>
  <testcase name="testMobileNavLink" classname="com.simplilearn.webapptest.amazon.AmazonNavigationLinkTest" time="5.146"/>
</testsuite>