<?xml version="1.0" encoding="UTF-8"?>
<testsuite name="Amazon Tests"
           tests="3"
           failures="0"
           errors="0"
           skipped="0"
           time="16.499">
  <properties />
  
  
            <testcase name="testMobileNavLink" time="5.808" classname="com.simplilearn.webapptest.amazon.AmazonNavigationLinkTest" />
                <testcase name="testBestSellerNavLink" time="5.169" classname="com.simplilearn.webapptest.amazon.AmazonNavigationLinkTest" />
                <testcase name="testElectronicsNavLink" time="5.522" classname="com.simplilearn.webapptest.amazon.AmazonNavigationLinkTest" />
      
</testsuite>
