<?xml version="1.0" encoding="UTF-8"?>
<testsuite name="Anonnation Tests"
           tests="3"
           failures="0"
           errors="0"
           skipped="0"
           time="0.004">
  <properties />
  
  
            <testcase name="testThree" time="0.001" classname="com.simplilearn.webapptest.TestNGStandardAnnotationTest" />
                <testcase name="testTwo" time="0.001" classname="com.simplilearn.webapptest.TestNGStandardAnnotationTest" />
                <testcase name="testOne" time="0.002" classname="com.simplilearn.webapptest.TestNGStandardAnnotationTest" />
      
</testsuite>
