<?xml version="1.0" encoding="UTF-8"?>
<testng-results skipped="0" failed="0" ignored="0" total="19" passed="19">
  <reporter-output>
  </reporter-output>
  <suite name="WebappTestSuite" duration-ms="49350" started-at="2022-03-12T18:01:49 UTC" finished-at="2022-03-12T18:02:38 UTC">
    <groups>
      <group name="ChromeOnly">
        <method signature="BrowserBasedGroupTest.launchChromeTest()[pri:0, instance:com.simplilearn.webapptest.group.BrowserBasedGroupTest@710726a3]" name="launchChromeTest" class="com.simplilearn.webapptest.group.BrowserBasedGroupTest"/>
        <method signature="BrowserBasedGroupTest.testHomePageSourceUrl()[pri:2, instance:com.simplilearn.webapptest.group.BrowserBasedGroupTest@710726a3]" name="testHomePageSourceUrl" class="com.simplilearn.webapptest.group.BrowserBasedGroupTest"/>
        <method signature="BrowserBasedGroupTest.testHomePageTitle()[pri:1, instance:com.simplilearn.webapptest.group.BrowserBasedGroupTest@710726a3]" name="testHomePageTitle" class="com.simplilearn.webapptest.group.BrowserBasedGroupTest"/>
        <method signature="BrowserBasedGroupTest.testSearchBar()[pri:3, instance:com.simplilearn.webapptest.group.BrowserBasedGroupTest@710726a3]" name="testSearchBar" class="com.simplilearn.webapptest.group.BrowserBasedGroupTest"/>
      </group> <!-- ChromeOnly -->
      <group name="FirefoxOnly">
        <method signature="BrowserBasedGroupTest.launchFireFoxTest()[pri:0, instance:com.simplilearn.webapptest.group.BrowserBasedGroupTest@710726a3]" name="launchFireFoxTest" class="com.simplilearn.webapptest.group.BrowserBasedGroupTest"/>
        <method signature="BrowserBasedGroupTest.testFaceBookHomePage()[pri:1, instance:com.simplilearn.webapptest.group.BrowserBasedGroupTest@710726a3]" name="testFaceBookHomePage" class="com.simplilearn.webapptest.group.BrowserBasedGroupTest"/>
        <method signature="BrowserBasedGroupTest.testFailureLogin()[pri:3, instance:com.simplilearn.webapptest.group.BrowserBasedGroupTest@710726a3]" name="testFailureLogin" class="com.simplilearn.webapptest.group.BrowserBasedGroupTest"/>
        <method signature="BrowserBasedGroupTest.testFieldsLogin()[pri:2, instance:com.simplilearn.webapptest.group.BrowserBasedGroupTest@710726a3]" name="testFieldsLogin" class="com.simplilearn.webapptest.group.BrowserBasedGroupTest"/>
      </group> <!-- FirefoxOnly -->
    </groups>
    <test name="Amazon Tests" duration-ms="35993" started-at="2022-03-12T18:01:49 UTC" finished-at="2022-03-12T18:02:25 UTC">
      <class name="com.simplilearn.webapptest.amazon.AmazonNavigationLinkTest">
        <test-method status="PASS" signature="beforeMethod()[pri:0, instance:com.simplilearn.webapptest.amazon.AmazonNavigationLinkTest@37374a5e]" name="beforeMethod" is-config="true" duration-ms="2177" started-at="2022-03-12T18:02:01 UTC" finished-at="2022-03-12T18:02:04 UTC">
          <reporter-output>
          </reporter-output>
        </test-method> <!-- beforeMethod -->
        <test-method status="PASS" signature="testBestSellerNavLink()[pri:0, instance:com.simplilearn.webapptest.amazon.AmazonNavigationLinkTest@37374a5e]" name="testBestSellerNavLink" duration-ms="5329" started-at="2022-03-12T18:02:04 UTC" finished-at="2022-03-12T18:02:09 UTC">
          <reporter-output>
          </reporter-output>
        </test-method> <!-- testBestSellerNavLink -->
        <test-method status="PASS" signature="afterMethod()[pri:0, instance:com.simplilearn.webapptest.amazon.AmazonNavigationLinkTest@37374a5e]" name="afterMethod" is-config="true" duration-ms="123" started-at="2022-03-12T18:02:09 UTC" finished-at="2022-03-12T18:02:09 UTC">
          <reporter-output>
          </reporter-output>
        </test-method> <!-- afterMethod -->
        <test-method status="PASS" signature="beforeMethod()[pri:0, instance:com.simplilearn.webapptest.amazon.AmazonNavigationLinkTest@37374a5e]" name="beforeMethod" is-config="true" duration-ms="2086" started-at="2022-03-12T18:02:09 UTC" finished-at="2022-03-12T18:02:11 UTC">
          <reporter-output>
          </reporter-output>
        </test-method> <!-- beforeMethod -->
        <test-method status="PASS" signature="testElectronicsNavLink()[pri:0, instance:com.simplilearn.webapptest.amazon.AmazonNavigationLinkTest@37374a5e]" name="testElectronicsNavLink" duration-ms="5335" started-at="2022-03-12T18:02:11 UTC" finished-at="2022-03-12T18:02:16 UTC">
          <reporter-output>
          </reporter-output>
        </test-method> <!-- testElectronicsNavLink -->
        <test-method status="PASS" signature="afterMethod()[pri:0, instance:com.simplilearn.webapptest.amazon.AmazonNavigationLinkTest@37374a5e]" name="afterMethod" is-config="true" duration-ms="117" started-at="2022-03-12T18:02:16 UTC" finished-at="2022-03-12T18:02:17 UTC">
          <reporter-output>
          </reporter-output>
        </test-method> <!-- afterMethod -->
        <test-method status="PASS" signature="beforeMethod()[pri:0, instance:com.simplilearn.webapptest.amazon.AmazonNavigationLinkTest@37374a5e]" name="beforeMethod" is-config="true" duration-ms="2934" started-at="2022-03-12T18:02:17 UTC" finished-at="2022-03-12T18:02:19 UTC">
          <reporter-output>
          </reporter-output>
        </test-method> <!-- beforeMethod -->
        <test-method status="PASS" signature="testMobileNavLink()[pri:0, instance:com.simplilearn.webapptest.amazon.AmazonNavigationLinkTest@37374a5e]" name="testMobileNavLink" duration-ms="5079" started-at="2022-03-12T18:02:19 UTC" finished-at="2022-03-12T18:02:25 UTC">
          <reporter-output>
          </reporter-output>
        </test-method> <!-- testMobileNavLink -->
        <test-method status="PASS" signature="afterMethod()[pri:0, instance:com.simplilearn.webapptest.amazon.AmazonNavigationLinkTest@37374a5e]" name="afterMethod" is-config="true" duration-ms="125" started-at="2022-03-12T18:02:25 UTC" finished-at="2022-03-12T18:02:25 UTC">
          <reporter-output>
          </reporter-output>
        </test-method> <!-- afterMethod -->
      </class> <!-- com.simplilearn.webapptest.amazon.AmazonNavigationLinkTest -->
      <class name="com.simplilearn.webapptest.amazon.AmazonHomepageTest">
        <test-method status="PASS" signature="beforeMethod()[pri:0, instance:com.simplilearn.webapptest.amazon.AmazonHomepageTest@7113b13f]" name="beforeMethod" is-config="true" duration-ms="3213" started-at="2022-03-12T18:01:49 UTC" finished-at="2022-03-12T18:01:52 UTC">
          <reporter-output>
          </reporter-output>
        </test-method> <!-- beforeMethod -->
        <test-method status="PASS" signature="testHomePageSourceUrl()[pri:0, instance:com.simplilearn.webapptest.amazon.AmazonHomepageTest@7113b13f]" name="testHomePageSourceUrl" duration-ms="525" started-at="2022-03-12T18:01:52 UTC" finished-at="2022-03-12T18:01:53 UTC">
          <reporter-output>
          </reporter-output>
        </test-method> <!-- testHomePageSourceUrl -->
        <test-method status="PASS" signature="afterMethod()[pri:0, instance:com.simplilearn.webapptest.amazon.AmazonHomepageTest@7113b13f]" name="afterMethod" is-config="true" duration-ms="245" started-at="2022-03-12T18:01:53 UTC" finished-at="2022-03-12T18:01:53 UTC">
          <reporter-output>
          </reporter-output>
        </test-method> <!-- afterMethod -->
        <test-method status="PASS" signature="beforeMethod()[pri:0, instance:com.simplilearn.webapptest.amazon.AmazonHomepageTest@7113b13f]" name="beforeMethod" is-config="true" duration-ms="2220" started-at="2022-03-12T18:01:53 UTC" finished-at="2022-03-12T18:01:55 UTC">
          <reporter-output>
          </reporter-output>
        </test-method> <!-- beforeMethod -->
        <test-method status="PASS" signature="testHomePageTitle()[pri:0, instance:com.simplilearn.webapptest.amazon.AmazonHomepageTest@7113b13f]" name="testHomePageTitle" duration-ms="577" started-at="2022-03-12T18:01:55 UTC" finished-at="2022-03-12T18:01:56 UTC">
          <reporter-output>
          </reporter-output>
        </test-method> <!-- testHomePageTitle -->
        <test-method status="PASS" signature="afterMethod()[pri:0, instance:com.simplilearn.webapptest.amazon.AmazonHomepageTest@7113b13f]" name="afterMethod" is-config="true" duration-ms="147" started-at="2022-03-12T18:01:56 UTC" finished-at="2022-03-12T18:01:56 UTC">
          <reporter-output>
          </reporter-output>
        </test-method> <!-- afterMethod -->
        <test-method status="PASS" signature="beforeMethod()[pri:0, instance:com.simplilearn.webapptest.amazon.AmazonHomepageTest@7113b13f]" name="beforeMethod" is-config="true" duration-ms="2743" started-at="2022-03-12T18:01:56 UTC" finished-at="2022-03-12T18:01:58 UTC">
          <reporter-output>
          </reporter-output>
        </test-method> <!-- beforeMethod -->
        <test-method status="PASS" signature="testSearchBar()[pri:0, instance:com.simplilearn.webapptest.amazon.AmazonHomepageTest@7113b13f]" name="testSearchBar" duration-ms="2803" started-at="2022-03-12T18:01:58 UTC" finished-at="2022-03-12T18:02:01 UTC">
          <reporter-output>
          </reporter-output>
        </test-method> <!-- testSearchBar -->
        <test-method status="PASS" signature="afterMethod()[pri:0, instance:com.simplilearn.webapptest.amazon.AmazonHomepageTest@7113b13f]" name="afterMethod" is-config="true" duration-ms="117" started-at="2022-03-12T18:02:01 UTC" finished-at="2022-03-12T18:02:01 UTC">
          <reporter-output>
          </reporter-output>
        </test-method> <!-- afterMethod -->
      </class> <!-- com.simplilearn.webapptest.amazon.AmazonHomepageTest -->
    </test> <!-- Amazon Tests -->
    <test name="Anonnation Tests" duration-ms="21" started-at="2022-03-12T18:02:25 UTC" finished-at="2022-03-12T18:02:25 UTC">
      <class name="com.simplilearn.webapptest.TestNGStandardAnnotationTest">
        <test-method status="PASS" signature="beforeTest()[pri:0, instance:com.simplilearn.webapptest.TestNGStandardAnnotationTest@6eceb130]" name="beforeTest" is-config="true" duration-ms="1" started-at="2022-03-12T18:02:25 UTC" finished-at="2022-03-12T18:02:25 UTC">
          <reporter-output>
          </reporter-output>
        </test-method> <!-- beforeTest -->
        <test-method status="PASS" signature="beforeClass()[pri:0, instance:com.simplilearn.webapptest.TestNGStandardAnnotationTest@6eceb130]" name="beforeClass" is-config="true" duration-ms="1" started-at="2022-03-12T18:02:25 UTC" finished-at="2022-03-12T18:02:25 UTC">
          <reporter-output>
          </reporter-output>
        </test-method> <!-- beforeClass -->
        <test-method status="PASS" signature="testOne()[pri:0, instance:com.simplilearn.webapptest.TestNGStandardAnnotationTest@6eceb130]" name="testOne" duration-ms="1" started-at="2022-03-12T18:02:25 UTC" finished-at="2022-03-12T18:02:25 UTC">
          <reporter-output>
          </reporter-output>
        </test-method> <!-- testOne -->
        <test-method status="PASS" signature="beforeMethod()[pri:0, instance:com.simplilearn.webapptest.TestNGStandardAnnotationTest@6eceb130]" name="beforeMethod" is-config="true" duration-ms="0" started-at="2022-03-12T18:02:25 UTC" finished-at="2022-03-12T18:02:25 UTC">
          <reporter-output>
          </reporter-output>
        </test-method> <!-- beforeMethod -->
        <test-method status="PASS" signature="afterMethod()[pri:0, instance:com.simplilearn.webapptest.TestNGStandardAnnotationTest@6eceb130]" name="afterMethod" is-config="true" duration-ms="0" started-at="2022-03-12T18:02:25 UTC" finished-at="2022-03-12T18:02:25 UTC">
          <reporter-output>
          </reporter-output>
        </test-method> <!-- afterMethod -->
        <test-method status="PASS" signature="beforeMethod()[pri:0, instance:com.simplilearn.webapptest.TestNGStandardAnnotationTest@6eceb130]" name="beforeMethod" is-config="true" duration-ms="1" started-at="2022-03-12T18:02:25 UTC" finished-at="2022-03-12T18:02:25 UTC">
          <reporter-output>
          </reporter-output>
        </test-method> <!-- beforeMethod -->
        <test-method status="PASS" signature="testThree()[pri:0, instance:com.simplilearn.webapptest.TestNGStandardAnnotationTest@6eceb130]" name="testThree" duration-ms="3" started-at="2022-03-12T18:02:25 UTC" finished-at="2022-03-12T18:02:25 UTC">
          <reporter-output>
          </reporter-output>
        </test-method> <!-- testThree -->
        <test-method status="PASS" signature="afterMethod()[pri:0, instance:com.simplilearn.webapptest.TestNGStandardAnnotationTest@6eceb130]" name="afterMethod" is-config="true" duration-ms="1" started-at="2022-03-12T18:02:25 UTC" finished-at="2022-03-12T18:02:25 UTC">
          <reporter-output>
          </reporter-output>
        </test-method> <!-- afterMethod -->
        <test-method status="PASS" signature="beforeMethod()[pri:0, instance:com.simplilearn.webapptest.TestNGStandardAnnotationTest@6eceb130]" name="beforeMethod" is-config="true" duration-ms="0" started-at="2022-03-12T18:02:25 UTC" finished-at="2022-03-12T18:02:25 UTC">
          <reporter-output>
          </reporter-output>
        </test-method> <!-- beforeMethod -->
        <test-method status="PASS" signature="testTwo()[pri:0, instance:com.simplilearn.webapptest.TestNGStandardAnnotationTest@6eceb130]" name="testTwo" duration-ms="1" started-at="2022-03-12T18:02:25 UTC" finished-at="2022-03-12T18:02:25 UTC">
          <reporter-output>
          </reporter-output>
        </test-method> <!-- testTwo -->
        <test-method status="PASS" signature="afterMethod()[pri:0, instance:com.simplilearn.webapptest.TestNGStandardAnnotationTest@6eceb130]" name="afterMethod" is-config="true" duration-ms="0" started-at="2022-03-12T18:02:25 UTC" finished-at="2022-03-12T18:02:25 UTC">
          <reporter-output>
          </reporter-output>
        </test-method> <!-- afterMethod -->
        <test-method status="PASS" signature="afterClass()[pri:0, instance:com.simplilearn.webapptest.TestNGStandardAnnotationTest@6eceb130]" name="afterClass" is-config="true" duration-ms="0" started-at="2022-03-12T18:02:25 UTC" finished-at="2022-03-12T18:02:25 UTC">
          <reporter-output>
          </reporter-output>
        </test-method> <!-- afterClass -->
        <test-method status="PASS" signature="afterTest()[pri:0, instance:com.simplilearn.webapptest.TestNGStandardAnnotationTest@6eceb130]" name="afterTest" is-config="true" duration-ms="0" started-at="2022-03-12T18:02:25 UTC" finished-at="2022-03-12T18:02:25 UTC">
          <reporter-output>
          </reporter-output>
        </test-method> <!-- afterTest -->
      </class> <!-- com.simplilearn.webapptest.TestNGStandardAnnotationTest -->
    </test> <!-- Anonnation Tests -->
    <test name="Group Tests" duration-ms="13309" started-at="2022-03-12T18:02:25 UTC" finished-at="2022-03-12T18:02:38 UTC">
      <class name="com.simplilearn.webapptest.group.BrowserBasedGroupTest">
        <test-method status="PASS" signature="launchChromeTest()[pri:0, instance:com.simplilearn.webapptest.group.BrowserBasedGroupTest@710726a3]" name="launchChromeTest" duration-ms="2293" started-at="2022-03-12T18:02:25 UTC" finished-at="2022-03-12T18:02:27 UTC">
          <reporter-output>
          </reporter-output>
        </test-method> <!-- launchChromeTest -->
        <test-method status="PASS" signature="launchFireFoxTest()[pri:0, instance:com.simplilearn.webapptest.group.BrowserBasedGroupTest@710726a3]" name="launchFireFoxTest" duration-ms="5248" started-at="2022-03-12T18:02:27 UTC" finished-at="2022-03-12T18:02:32 UTC">
          <reporter-output>
          </reporter-output>
        </test-method> <!-- launchFireFoxTest -->
        <test-method status="PASS" signature="testFaceBookHomePage()[pri:1, instance:com.simplilearn.webapptest.group.BrowserBasedGroupTest@710726a3]" name="testFaceBookHomePage" duration-ms="47" started-at="2022-03-12T18:02:32 UTC" depends-on-methods="com.simplilearn.webapptest.group.BrowserBasedGroupTest.launchFireFoxTest" finished-at="2022-03-12T18:02:32 UTC">
          <reporter-output>
          </reporter-output>
        </test-method> <!-- testFaceBookHomePage -->
        <test-method status="PASS" signature="testHomePageTitle()[pri:1, instance:com.simplilearn.webapptest.group.BrowserBasedGroupTest@710726a3]" name="testHomePageTitle" duration-ms="28" started-at="2022-03-12T18:02:32 UTC" depends-on-methods="com.simplilearn.webapptest.group.BrowserBasedGroupTest.launchChromeTest" finished-at="2022-03-12T18:02:32 UTC">
          <reporter-output>
          </reporter-output>
        </test-method> <!-- testHomePageTitle -->
        <test-method status="PASS" signature="testFieldsLogin()[pri:2, instance:com.simplilearn.webapptest.group.BrowserBasedGroupTest@710726a3]" name="testFieldsLogin" duration-ms="186" started-at="2022-03-12T18:02:32 UTC" depends-on-methods="com.simplilearn.webapptest.group.BrowserBasedGroupTest.launchFireFoxTest" finished-at="2022-03-12T18:02:33 UTC">
          <reporter-output>
          </reporter-output>
        </test-method> <!-- testFieldsLogin -->
        <test-method status="PASS" signature="testHomePageSourceUrl()[pri:2, instance:com.simplilearn.webapptest.group.BrowserBasedGroupTest@710726a3]" name="testHomePageSourceUrl" duration-ms="20" started-at="2022-03-12T18:02:33 UTC" depends-on-methods="com.simplilearn.webapptest.group.BrowserBasedGroupTest.launchChromeTest" finished-at="2022-03-12T18:02:33 UTC">
          <reporter-output>
          </reporter-output>
        </test-method> <!-- testHomePageSourceUrl -->
        <test-method status="PASS" signature="testFailureLogin()[pri:3, instance:com.simplilearn.webapptest.group.BrowserBasedGroupTest@710726a3]" name="testFailureLogin" duration-ms="175" started-at="2022-03-12T18:02:33 UTC" depends-on-methods="com.simplilearn.webapptest.group.BrowserBasedGroupTest.launchFireFoxTest" finished-at="2022-03-12T18:02:33 UTC">
          <reporter-output>
          </reporter-output>
        </test-method> <!-- testFailureLogin -->
        <test-method status="PASS" signature="closeFireFox()[pri:0, instance:com.simplilearn.webapptest.group.BrowserBasedGroupTest@710726a3]" name="closeFireFox" duration-ms="2658" depends-on-groups="FirefoxOnly" started-at="2022-03-12T18:02:33 UTC" finished-at="2022-03-12T18:02:35 UTC">
          <reporter-output>
          </reporter-output>
        </test-method> <!-- closeFireFox -->
        <test-method status="PASS" signature="testSearchBar()[pri:3, instance:com.simplilearn.webapptest.group.BrowserBasedGroupTest@710726a3]" name="testSearchBar" duration-ms="2445" started-at="2022-03-12T18:02:35 UTC" depends-on-methods="com.simplilearn.webapptest.group.BrowserBasedGroupTest.launchChromeTest" finished-at="2022-03-12T18:02:38 UTC">
          <reporter-output>
          </reporter-output>
        </test-method> <!-- testSearchBar -->
        <test-method status="PASS" signature="closeChrome()[pri:0, instance:com.simplilearn.webapptest.group.BrowserBasedGroupTest@710726a3]" name="closeChrome" duration-ms="170" depends-on-groups="ChromeOnly" started-at="2022-03-12T18:02:38 UTC" finished-at="2022-03-12T18:02:38 UTC">
          <reporter-output>
          </reporter-output>
        </test-method> <!-- closeChrome -->
      </class> <!-- com.simplilearn.webapptest.group.BrowserBasedGroupTest -->
      <class name="com.simplilearn.webapptest.TestNGStandardAnnotationTest">
        <test-method status="PASS" signature="beforeSuite()[pri:0, instance:com.simplilearn.webapptest.TestNGStandardAnnotationTest@6eceb130]" name="beforeSuite" is-config="true" duration-ms="12" started-at="2022-03-12T18:01:49 UTC" finished-at="2022-03-12T18:01:49 UTC">
          <reporter-output>
          </reporter-output>
        </test-method> <!-- beforeSuite -->
        <test-method status="PASS" signature="afterSuite()[pri:0, instance:com.simplilearn.webapptest.TestNGStandardAnnotationTest@6eceb130]" name="afterSuite" is-config="true" duration-ms="0" started-at="2022-03-12T18:02:38 UTC" finished-at="2022-03-12T18:02:38 UTC">
          <reporter-output>
          </reporter-output>
        </test-method> <!-- afterSuite -->
      </class> <!-- com.simplilearn.webapptest.TestNGStandardAnnotationTest -->
    </test> <!-- Group Tests -->
  </suite> <!-- WebappTestSuite -->
</testng-results>
